#
# There is insufficient memory for the Java Runtime Environment to continue.
# Native memory allocation (mmap) failed to map 33554432 bytes for G1 virtual space
# Possible reasons:
#   The system is out of physical RAM or swap space
#   The process is running with CompressedOops enabled, and the Java Heap may be blocking the growth of the native heap
# Possible solutions:
#   Reduce memory load on the system
#   Increase physical memory or swap space
#   Check if swap backing store is full
#   Decrease Java heap size (-Xmx/-Xms)
#   Decrease number of Java threads
#   Decrease Java thread stack sizes (-Xss)
#   Set larger code cache with -XX:ReservedCodeCacheSize=
#   JVM is running with Zero Based Compressed Oops mode in which the Java heap is
#     placed in the first 32GB address space. The Java Heap base address is the
#     maximum limit for the native heap growth. Please use -XX:HeapBaseMinAddress
#     to set the Java Heap base and to place the Java Heap above 32GB virtual address.
# This output file may be truncated or incomplete.
#
#  Out of Memory Error (os_windows.cpp:3825), pid=34140, tid=17092
#
# JRE version: OpenJDK Runtime Environment (17.0.9) (build 17.0.9+0--11185874)
# Java VM: OpenJDK 64-Bit Server VM (17.0.9+0--11185874, mixed mode, tiered, compressed oops, compressed class ptrs, g1 gc, windows-amd64)
# No core dump will be written. Minidumps are not enabled by default on client versions of Windows
#

---------------  S U M M A R Y ------------

Command Line: org.jetbrains.kotlin.cli.jvm.K2JVMCompiler @C:\Users\user\Documents\test\MultiBabyDiaryApp\androidApp\build\20260225_7024909235670990471.compiler.options

Host: Intel(R) Core(TM) i7-6700 CPU @ 3.40GHz, 8 cores, 15G,  Windows 11 , 64 bit Build 26100 (10.0.26100.7705)
Time: Wed Feb 25 16:22:26 2026  Windows 11 , 64 bit Build 26100 (10.0.26100.7705) elapsed time: 13.434886 seconds (0d 0h 0m 13s)

---------------  T H R E A D  ---------------

Current thread (0x0000022bc8e4dfb0):  VMThread "VM Thread" [stack: 0x0000009c6e900000,0x0000009c6ea00000] [id=17092]

Stack: [0x0000009c6e900000,0x0000009c6ea00000]
Native frames: (J=compiled Java code, j=interpreted, Vv=VM code, C=native code)
V  [jvm.dll+0x6886e9]
V  [jvm.dll+0x841e4a]
V  [jvm.dll+0x843a8e]
V  [jvm.dll+0x8440f3]
V  [jvm.dll+0x24c14f]
V  [jvm.dll+0x685499]
V  [jvm.dll+0x679c2a]
V  [jvm.dll+0x30cf9b]
V  [jvm.dll+0x314446]
V  [jvm.dll+0x36425e]
V  [jvm.dll+0x36448f]
V  [jvm.dll+0x2e2d68]
V  [jvm.dll+0x2e0f44]
V  [jvm.dll+0x2e054c]
V  [jvm.dll+0x3253fb]
V  [jvm.dll+0x8487eb]
V  [jvm.dll+0x849531]
V  [jvm.dll+0x849a4d]
V  [jvm.dll+0x849e24]
V  [jvm.dll+0x849ef0]
V  [jvm.dll+0x7f06aa]
V  [jvm.dll+0x687565]
C  [ucrtbase.dll+0x37b0]
C  [KERNEL32.DLL+0x2e8d7]
C  [ntdll.dll+0x8c40c]

VM_Operation (0x0000009c6e3fd470): G1CollectForAllocation, mode: safepoint, requested by thread 0x0000022baa696700


---------------  P R O C E S S  ---------------

Threads class SMR info:
_java_thread_list=0x0000022bd0910c20, length=14, elements={
0x0000022baa696700, 0x0000022bc9146040, 0x0000022bc9146c00, 0x0000022bc9193e90,
0x0000022bc9194760, 0x0000022bc9195120, 0x0000022bc9195ae0, 0x0000022bc91987e0,
0x0000022bc91a3a20, 0x0000022bc91ac340, 0x0000022bc930a240, 0x0000022bc930cdd0,
0x0000022bcee0a8c0, 0x0000022bcf784cf0
}

Java Threads: ( => current thread )
  0x0000022baa696700 JavaThread "main" [_thread_blocked, id=33096, stack(0x0000009c6e300000,0x0000009c6e400000)]
  0x0000022bc9146040 JavaThread "Reference Handler" daemon [_thread_blocked, id=38056, stack(0x0000009c6ea00000,0x0000009c6eb00000)]
  0x0000022bc9146c00 JavaThread "Finalizer" daemon [_thread_blocked, id=31844, stack(0x0000009c6eb00000,0x0000009c6ec00000)]
  0x0000022bc9193e90 JavaThread "Signal Dispatcher" daemon [_thread_blocked, id=24740, stack(0x0000009c6ec00000,0x0000009c6ed00000)]
  0x0000022bc9194760 JavaThread "Attach Listener" daemon [_thread_blocked, id=46976, stack(0x0000009c6ed00000,0x0000009c6ee00000)]
  0x0000022bc9195120 JavaThread "Service Thread" daemon [_thread_blocked, id=53144, stack(0x0000009c6ee00000,0x0000009c6ef00000)]
  0x0000022bc9195ae0 JavaThread "Monitor Deflation Thread" daemon [_thread_blocked, id=54168, stack(0x0000009c6ef00000,0x0000009c6f000000)]
  0x0000022bc91987e0 JavaThread "C2 CompilerThread0" daemon [_thread_blocked, id=27616, stack(0x0000009c6f000000,0x0000009c6f100000)]
  0x0000022bc91a3a20 JavaThread "C1 CompilerThread0" daemon [_thread_blocked, id=54880, stack(0x0000009c6f100000,0x0000009c6f200000)]
  0x0000022bc91ac340 JavaThread "Sweeper thread" daemon [_thread_blocked, id=32256, stack(0x0000009c6f200000,0x0000009c6f300000)]
  0x0000022bc930a240 JavaThread "Notification Thread" daemon [_thread_blocked, id=37148, stack(0x0000009c6f300000,0x0000009c6f400000)]
  0x0000022bc930cdd0 JavaThread "Common-Cleaner" daemon [_thread_blocked, id=37084, stack(0x0000009c6f500000,0x0000009c6f600000)]
  0x0000022bcee0a8c0 JavaThread "C2 CompilerThread1" daemon [_thread_blocked, id=7748, stack(0x0000009c70000000,0x0000009c70100000)]
  0x0000022bcf784cf0 JavaThread "C2 CompilerThread2" daemon [_thread_blocked, id=27028, stack(0x0000009c70100000,0x0000009c70200000)]

Other Threads:
=>0x0000022bc8e4dfb0 VMThread "VM Thread" [stack: 0x0000009c6e900000,0x0000009c6ea00000] [id=17092]
  0x0000022bc930cb30 WatcherThread [stack: 0x0000009c6f400000,0x0000009c6f500000] [id=25728]
  0x0000022baa706730 GCTaskThread "GC Thread#0" [stack: 0x0000009c6e400000,0x0000009c6e500000] [id=27220]
  0x0000022bc9a6d0b0 GCTaskThread "GC Thread#1" [stack: 0x0000009c6f700000,0x0000009c6f800000] [id=47324]
  0x0000022bc9a6d370 GCTaskThread "GC Thread#2" [stack: 0x0000009c6f800000,0x0000009c6f900000] [id=45380]
  0x0000022bc9a6de40 GCTaskThread "GC Thread#3" [stack: 0x0000009c6f900000,0x0000009c6fa00000] [id=23744]
  0x0000022bc9a9e7b0 GCTaskThread "GC Thread#4" [stack: 0x0000009c6fa00000,0x0000009c6fb00000] [id=46224]
  0x0000022bc9a9f080 GCTaskThread "GC Thread#5" [stack: 0x0000009c6fb00000,0x0000009c6fc00000] [id=20344]
  0x0000022bce20b050 GCTaskThread "GC Thread#6" [stack: 0x0000009c6fc00000,0x0000009c6fd00000] [id=23288]
  0x0000022bce20b310 GCTaskThread "GC Thread#7" [stack: 0x0000009c6fd00000,0x0000009c6fe00000] [id=13644]
  0x0000022baa7191b0 ConcurrentGCThread "G1 Main Marker" [stack: 0x0000009c6e500000,0x0000009c6e600000] [id=52552]
  0x0000022baa71a370 ConcurrentGCThread "G1 Conc#0" [stack: 0x0000009c6e600000,0x0000009c6e700000] [id=16708]
  0x0000022bc9af68d0 ConcurrentGCThread "G1 Conc#1" [stack: 0x0000009c6fe00000,0x0000009c6ff00000] [id=10404]
  0x0000022baa74d210 ConcurrentGCThread "G1 Refine#0" [stack: 0x0000009c6e700000,0x0000009c6e800000] [id=13888]
  0x0000022bce74fe10 ConcurrentGCThread "G1 Refine#1" [stack: 0x0000009c6f600000,0x0000009c6f700000] [id=24700]
  0x0000022bce2ab0b0 ConcurrentGCThread "G1 Refine#2" [stack: 0x0000009c6ff00000,0x0000009c70000000] [id=27512]
  0x0000022bd06db920 ConcurrentGCThread "G1 Refine#3" [stack: 0x0000009c70200000,0x0000009c70300000] [id=24040]
  0x0000022bd06dc4e0 ConcurrentGCThread "G1 Refine#4" [stack: 0x0000009c70300000,0x0000009c70400000] [id=34156]
  0x0000022baa74eaf0 ConcurrentGCThread "G1 Service" [stack: 0x0000009c6e800000,0x0000009c6e900000] [id=33356]

Threads with active compile tasks:
C2 CompilerThread2    13467 10181       4       androidx.compose.compiler.plugins.kotlin.lower.ComposableSymbolRemapper$1::containsComposable (104 bytes)

VM state: at safepoint (normal execution)

VM Mutex/Monitor currently owned by a thread:  ([mutex/lock_event])
[0x0000022baa67fe20] Threads_lock - owner thread: 0x0000022bc8e4dfb0
[0x0000022baa694d40] Heap_lock - owner thread: 0x0000022baa696700

Heap address: 0x0000000701a00000, size: 4070 MB, Compressed Oops mode: Zero based, Oop shift amount: 3

CDS archive(s) not mapped
Compressed class space mapped at: 0x0000000800000000-0x0000000840000000, reserved size: 1073741824
Narrow klass base: 0x0000000800000000, Narrow klass shift: 0, Narrow klass range: 0x40000000

GC Precious Log:
 CPUs: 8 total, 8 available
 Memory: 16275M
 Large Page Support: Disabled
 NUMA Support: Disabled
 Compressed Oops: Enabled (Zero based)
 Heap Region Size: 2M
 Heap Min Capacity: 8M
 Heap Initial Capacity: 256M
 Heap Max Capacity: 4070M
 Pre-touch: Disabled
 Parallel Workers: 8
 Concurrent Workers: 2
 Concurrent Refinement Workers: 8
 Periodic GC: Disabled

Heap:
 garbage-first heap   total 155648K, used 66137K [0x0000000701a00000, 0x0000000800000000)
  region size 2048K, 1 young (2048K), 1 survivors (2048K)
 Metaspace       used 66900K, committed 67264K, reserved 1114112K
  class space    used 7634K, committed 7808K, reserved 1048576K

Heap Regions: E=young(eden), S=young(survivor), O=old, HS=humongous(starts), HC=humongous(continues), CS=collection set, F=free, OA=open archive, CA=closed archive, TAMS=top-at-mark-start (previous, next)
|   0|0x0000000701a00000, 0x0000000701c00000, 0x0000000701c00000|100%|HS|  |TAMS 0x0000000701c00000, 0x0000000701a00000| Complete 
|   1|0x0000000701c00000, 0x0000000701e00000, 0x0000000701e00000|100%|HC|  |TAMS 0x0000000701e00000, 0x0000000701c00000| Complete 
|   2|0x0000000701e00000, 0x0000000702000000, 0x0000000702000000|100%| O|  |TAMS 0x0000000702000000, 0x0000000701e00000| Untracked 
|   3|0x0000000702000000, 0x0000000702200000, 0x0000000702200000|100%| O|  |TAMS 0x0000000702200000, 0x0000000702000000| Untracked 
|   4|0x0000000702200000, 0x0000000702400000, 0x0000000702400000|100%|HS|  |TAMS 0x0000000702400000, 0x0000000702200000| Complete 
|   5|0x0000000702400000, 0x0000000702600000, 0x0000000702600000|100%|HC|  |TAMS 0x0000000702600000, 0x0000000702400000| Complete 
|   6|0x0000000702600000, 0x0000000702800000, 0x0000000702800000|100%| O|  |TAMS 0x0000000702800000, 0x0000000702600000| Untracked 
|   7|0x0000000702800000, 0x0000000702a00000, 0x0000000702a00000|100%| O|  |TAMS 0x0000000702a00000, 0x0000000702800000| Untracked 
|   8|0x0000000702a00000, 0x0000000702c00000, 0x0000000702c00000|100%| O|  |TAMS 0x0000000702c00000, 0x0000000702a00000| Untracked 
|   9|0x0000000702c00000, 0x0000000702e00000, 0x0000000702e00000|100%|HS|  |TAMS 0x0000000702e00000, 0x0000000702c00000| Complete 
|  10|0x0000000702e00000, 0x0000000703000000, 0x0000000703000000|100%| O|  |TAMS 0x0000000703000000, 0x0000000702e00000| Untracked 
|  11|0x0000000703000000, 0x0000000703200000, 0x0000000703200000|100%| O|  |TAMS 0x0000000703200000, 0x0000000703000000| Untracked 
|  12|0x0000000703200000, 0x0000000703400000, 0x0000000703400000|100%| O|  |TAMS 0x0000000703400000, 0x0000000703200000| Untracked 
|  13|0x0000000703400000, 0x0000000703600000, 0x0000000703600000|100%| O|  |TAMS 0x0000000703600000, 0x0000000703400000| Untracked 
|  14|0x0000000703600000, 0x0000000703800000, 0x0000000703800000|100%| O|  |TAMS 0x0000000703800000, 0x0000000703600000| Untracked 
|  15|0x0000000703800000, 0x0000000703a00000, 0x0000000703a00000|100%| O|  |TAMS 0x0000000703a00000, 0x0000000703800000| Untracked 
|  16|0x0000000703a00000, 0x0000000703c00000, 0x0000000703c00000|100%| O|  |TAMS 0x0000000703c00000, 0x0000000703a00000| Untracked 
|  17|0x0000000703c00000, 0x0000000703e00000, 0x0000000703e00000|100%| O|  |TAMS 0x0000000703e00000, 0x0000000703c00000| Untracked 
|  18|0x0000000703e00000, 0x0000000704000000, 0x0000000704000000|100%| O|  |TAMS 0x0000000704000000, 0x0000000703e00000| Untracked 
|  19|0x0000000704000000, 0x0000000704200000, 0x0000000704200000|100%| O|  |TAMS 0x0000000704200000, 0x0000000704000000| Untracked 
|  20|0x0000000704200000, 0x0000000704400000, 0x0000000704400000|100%| O|  |TAMS 0x0000000704400000, 0x0000000704200000| Untracked 
|  21|0x0000000704400000, 0x0000000704400000, 0x0000000704600000|  0%| F|  |TAMS 0x0000000704400000, 0x0000000704400000| Untracked 
|  22|0x0000000704600000, 0x0000000704800000, 0x0000000704800000|100%| O|  |TAMS 0x0000000704600000, 0x0000000704600000| Untracked 
|  23|0x0000000704800000, 0x0000000704a00000, 0x0000000704a00000|100%| O|  |TAMS 0x0000000704800000, 0x0000000704800000| Untracked 
|  24|0x0000000704a00000, 0x0000000704c00000, 0x0000000704c00000|100%| O|  |TAMS 0x0000000704a00000, 0x0000000704a00000| Untracked 
|  25|0x0000000704c00000, 0x0000000704e00000, 0x0000000704e00000|100%| O|  |TAMS 0x0000000704c00000, 0x0000000704c00000| Untracked 
|  26|0x0000000704e00000, 0x0000000705000000, 0x0000000705000000|100%| O|  |TAMS 0x0000000704e00000, 0x0000000704e00000| Untracked 
|  27|0x0000000705000000, 0x0000000705200000, 0x0000000705200000|100%| O|  |TAMS 0x0000000705000000, 0x0000000705000000| Untracked 
|  28|0x0000000705200000, 0x0000000705400000, 0x0000000705400000|100%| O|  |TAMS 0x0000000705200000, 0x0000000705200000| Untracked 
|  29|0x0000000705400000, 0x0000000705600000, 0x0000000705600000|100%| O|  |TAMS 0x0000000705400000, 0x0000000705400000| Untracked 
|  30|0x0000000705600000, 0x0000000705800000, 0x0000000705800000|100%| O|  |TAMS 0x0000000705600000, 0x0000000705600000| Untracked 
|  31|0x0000000705800000, 0x0000000705a00000, 0x0000000705a00000|100%| O|  |TAMS 0x0000000705800000, 0x0000000705800000| Untracked 
|  32|0x0000000705a00000, 0x0000000705b5b000, 0x0000000705c00000| 67%| O|  |TAMS 0x0000000705a00000, 0x0000000705a00000| Untracked 
|  33|0x0000000705c00000, 0x0000000705c00000, 0x0000000705e00000|  0%| F|  |TAMS 0x0000000705c00000, 0x0000000705c00000| Untracked 
|  34|0x0000000705e00000, 0x0000000705e00000, 0x0000000706000000|  0%| F|  |TAMS 0x0000000705e00000, 0x0000000705e00000| Untracked 
|  35|0x0000000706000000, 0x0000000706000000, 0x0000000706200000|  0%| F|  |TAMS 0x0000000706000000, 0x0000000706000000| Untracked 
|  36|0x0000000706200000, 0x0000000706200000, 0x0000000706400000|  0%| F|  |TAMS 0x0000000706200000, 0x0000000706200000| Untracked 
|  37|0x0000000706400000, 0x0000000706400000, 0x0000000706600000|  0%| F|  |TAMS 0x0000000706400000, 0x0000000706400000| Untracked 
|  38|0x0000000706600000, 0x0000000706600000, 0x0000000706800000|  0%| F|  |TAMS 0x0000000706600000, 0x0000000706600000| Untracked 
|  39|0x0000000706800000, 0x0000000706800000, 0x0000000706a00000|  0%| F|  |TAMS 0x0000000706800000, 0x0000000706800000| Untracked 
|  40|0x0000000706a00000, 0x0000000706a00000, 0x0000000706c00000|  0%| F|  |TAMS 0x0000000706a00000, 0x0000000706a00000| Untracked 
|  41|0x0000000706c00000, 0x0000000706c00000, 0x0000000706e00000|  0%| F|  |TAMS 0x0000000706c00000, 0x0000000706c00000| Untracked 
|  42|0x0000000706e00000, 0x0000000706e00000, 0x0000000707000000|  0%| F|  |TAMS 0x0000000706e00000, 0x0000000706e00000| Untracked 
|  43|0x0000000707000000, 0x0000000707000000, 0x0000000707200000|  0%| F|  |TAMS 0x0000000707000000, 0x0000000707000000| Untracked 
|  44|0x0000000707200000, 0x0000000707200000, 0x0000000707400000|  0%| F|  |TAMS 0x0000000707200000, 0x0000000707200000| Untracked 
|  45|0x0000000707400000, 0x0000000707400000, 0x0000000707600000|  0%| F|  |TAMS 0x0000000707400000, 0x0000000707400000| Untracked 
|  46|0x0000000707600000, 0x0000000707600000, 0x0000000707800000|  0%| F|  |TAMS 0x0000000707600000, 0x0000000707600000| Untracked 
|  47|0x0000000707800000, 0x0000000707800000, 0x0000000707a00000|  0%| F|  |TAMS 0x0000000707800000, 0x0000000707800000| Untracked 
|  48|0x0000000707a00000, 0x0000000707a00000, 0x0000000707c00000|  0%| F|  |TAMS 0x0000000707a00000, 0x0000000707a00000| Untracked 
|  49|0x0000000707c00000, 0x0000000707c00000, 0x0000000707e00000|  0%| F|  |TAMS 0x0000000707c00000, 0x0000000707c00000| Untracked 
|  50|0x0000000707e00000, 0x0000000707e00000, 0x0000000708000000|  0%| F|  |TAMS 0x0000000707e00000, 0x0000000707e00000| Untracked 
|  51|0x0000000708000000, 0x0000000708000000, 0x0000000708200000|  0%| F|  |TAMS 0x0000000708000000, 0x0000000708000000| Untracked 
|  52|0x0000000708200000, 0x0000000708200000, 0x0000000708400000|  0%| F|  |TAMS 0x0000000708200000, 0x0000000708200000| Untracked 
|  53|0x0000000708400000, 0x0000000708400000, 0x0000000708600000|  0%| F|  |TAMS 0x0000000708400000, 0x0000000708400000| Untracked 
|  54|0x0000000708600000, 0x0000000708600000, 0x0000000708800000|  0%| F|  |TAMS 0x0000000708600000, 0x0000000708600000| Untracked 
|  55|0x0000000708800000, 0x0000000708800000, 0x0000000708a00000|  0%| F|  |TAMS 0x0000000708800000, 0x0000000708800000| Untracked 
|  56|0x0000000708a00000, 0x0000000708a00000, 0x0000000708c00000|  0%| F|  |TAMS 0x0000000708a00000, 0x0000000708a00000| Untracked 
|  57|0x0000000708c00000, 0x0000000708c00000, 0x0000000708e00000|  0%| F|  |TAMS 0x0000000708c00000, 0x0000000708c00000| Untracked 
|  58|0x0000000708e00000, 0x0000000708e00000, 0x0000000709000000|  0%| F|  |TAMS 0x0000000708e00000, 0x0000000708e00000| Untracked 
|  59|0x0000000709000000, 0x0000000709000000, 0x0000000709200000|  0%| F|  |TAMS 0x0000000709000000, 0x0000000709000000| Untracked 
|  60|0x0000000709200000, 0x0000000709200000, 0x0000000709400000|  0%| F|  |TAMS 0x0000000709200000, 0x0000000709200000| Untracked 
|  61|0x0000000709400000, 0x0000000709400000, 0x0000000709600000|  0%| F|  |TAMS 0x0000000709400000, 0x0000000709400000| Untracked 
|  62|0x0000000709600000, 0x0000000709600000, 0x0000000709800000|  0%| F|  |TAMS 0x0000000709600000, 0x0000000709600000| Untracked 
|  63|0x0000000709800000, 0x0000000709800000, 0x0000000709a00000|  0%| F|  |TAMS 0x0000000709800000, 0x0000000709800000| Untracked 
|  64|0x0000000709a00000, 0x0000000709a00000, 0x0000000709c00000|  0%| F|  |TAMS 0x0000000709a00000, 0x0000000709a00000| Untracked 
|  65|0x0000000709c00000, 0x0000000709c00000, 0x0000000709e00000|  0%| F|  |TAMS 0x0000000709c00000, 0x0000000709c00000| Untracked 
|  66|0x0000000709e00000, 0x0000000709e00000, 0x000000070a000000|  0%| F|  |TAMS 0x0000000709e00000, 0x0000000709e00000| Untracked 
|  67|0x000000070a000000, 0x000000070a000000, 0x000000070a200000|  0%| F|  |TAMS 0x000000070a000000, 0x000000070a000000| Untracked 
|  68|0x000000070a200000, 0x000000070a200000, 0x000000070a400000|  0%| F|  |TAMS 0x000000070a200000, 0x000000070a200000| Untracked 
|  69|0x000000070a400000, 0x000000070a400000, 0x000000070a600000|  0%| F|  |TAMS 0x000000070a400000, 0x000000070a400000| Untracked 
|  70|0x000000070a600000, 0x000000070a600000, 0x000000070a800000|  0%| F|  |TAMS 0x000000070a600000, 0x000000070a600000| Untracked 
|  71|0x000000070a800000, 0x000000070a800000, 0x000000070aa00000|  0%| F|  |TAMS 0x000000070a800000, 0x000000070a800000| Untracked 
|  72|0x000000070aa00000, 0x000000070aa00000, 0x000000070ac00000|  0%| F|  |TAMS 0x000000070aa00000, 0x000000070aa00000| Untracked 
|  73|0x000000070ac00000, 0x000000070ac00000, 0x000000070ae00000|  0%| F|  |TAMS 0x000000070ac00000, 0x000000070ac00000| Untracked 
|  74|0x000000070ae00000, 0x000000070af3b588, 0x000000070b000000| 61%| S|CS|TAMS 0x000000070ae00000, 0x000000070ae00000| Complete 
| 127|0x0000000711800000, 0x0000000711800000, 0x0000000711a00000|  0%| F|  |TAMS 0x0000000711800000, 0x0000000711800000| Untracked 

Card table byte_map: [0x0000022bbd6b0000,0x0000022bbdeb0000] _byte_map_base: 0x0000022bb9ea3000

Marking Bits (Prev, Next): (CMBitMap*) 0x0000022baa707da0, (CMBitMap*) 0x0000022baa707d60
 Prev Bits: [0x0000022bc2650000, 0x0000022bc65e8000)
 Next Bits: [0x0000022bbe6b0000, 0x0000022bc2648000)

Polling page: 0x0000022ba85f0000

Metaspace:

Usage:
  Non-class:     57.88 MB used.
      Class:      7.46 MB used.
       Both:     65.33 MB used.

Virtual space:
  Non-class space:       64.00 MB reserved,      58.06 MB ( 91%) committed,  1 nodes.
      Class space:        1.00 GB reserved,       7.62 MB ( <1%) committed,  1 nodes.
             Both:        1.06 GB reserved,      65.69 MB (  6%) committed. 

Chunk freelists:
   Non-Class:  5.23 MB
       Class:  8.41 MB
        Both:  13.65 MB

MaxMetaspaceSize: unlimited
CompressedClassSpaceSize: 1.00 GB
Initial GC threshold: 21.00 MB
Current GC threshold: 99.00 MB
CDS: off
MetaspaceReclaimPolicy: balanced
 - commit_granule_bytes: 65536.
 - commit_granule_words: 8192.
 - virtual_space_node_default_size: 8388608.
 - enlarge_chunks_in_place: 1.
 - new_chunks_are_fully_committed: 0.
 - uncommit_free_chunks: 1.
 - use_allocation_guard: 0.
 - handle_deallocations: 1.


Internal statistics:

num_allocs_failed_limit: 12.
num_arena_births: 320.
num_arena_deaths: 0.
num_vsnodes_births: 2.
num_vsnodes_deaths: 0.
num_space_committed: 1049.
num_space_uncommitted: 0.
num_chunks_returned_to_freelist: 12.
num_chunks_taken_from_freelist: 2477.
num_chunk_merges: 12.
num_chunk_splits: 1997.
num_chunks_enlarged: 1721.
num_inconsistent_stats: 0.

CodeHeap 'non-profiled nmethods': size=120000Kb used=4582Kb max_used=4582Kb free=115417Kb
 bounds [0x0000022bb5640000, 0x0000022bb5ac0000, 0x0000022bbcb70000]
CodeHeap 'profiled nmethods': size=120000Kb used=23515Kb max_used=23515Kb free=96484Kb
 bounds [0x0000022badb70000, 0x0000022baf270000, 0x0000022bb50a0000]
CodeHeap 'non-nmethods': size=5760Kb used=1390Kb max_used=1451Kb free=4369Kb
 bounds [0x0000022bb50a0000, 0x0000022bb5310000, 0x0000022bb5640000]
 total_blobs=9469 nmethods=8751 adapters=627
 compilation: enabled
              stopped_count=0, restarted_count=0
 full_count=0

Compilation events (20 events):
Event: 11.359 Thread 0x0000022bc91a3a20 10179       3       org.jetbrains.kotlin.ir.util.DeepCopySymbolRemapper::visitGetValue (6 bytes)
Event: 11.360 Thread 0x0000022bc91a3a20 nmethod 10179 0x0000022baf258290 code [0x0000022baf2584c0, 0x0000022baf258ba8]
Event: 11.360 Thread 0x0000022bc91a3a20 10172       3       org.jetbrains.kotlin.ir.util.DeepCopySymbolRemapper::visitBody (6 bytes)
Event: 11.361 Thread 0x0000022bc91a3a20 nmethod 10172 0x0000022baf258e10 code [0x0000022baf259040, 0x0000022baf259728]
Event: 11.361 Thread 0x0000022bc91a3a20 10177       3       org.jetbrains.kotlin.ir.descriptors.IrBasedDescriptorsKt::toIrBasedDescriptor (279 bytes)
Event: 11.363 Thread 0x0000022bcee0a8c0 nmethod 10178 0x0000022bb5ab6490 code [0x0000022bb5ab6620, 0x0000022bb5ab6818]
Event: 11.365 Thread 0x0000022bc91987e0 nmethod 10171 0x0000022bb5ab6a10 code [0x0000022bb5ab6c40, 0x0000022bb5ab7190]
Event: 11.366 Thread 0x0000022bc91a3a20 nmethod 10177 0x0000022baf259990 code [0x0000022baf25a4c0, 0x0000022baf2614b8]
Event: 11.366 Thread 0x0000022bc91a3a20 10180       3       androidx.compose.compiler.plugins.kotlin.lower.ComposableSymbolRemapper$1::remapDeclaredSimpleFunction (21 bytes)
Event: 11.367 Thread 0x0000022bc91a3a20 nmethod 10180 0x0000022baf263010 code [0x0000022baf2631c0, 0x0000022baf263368]
Event: 11.367 Thread 0x0000022bc91a3a20 10174       3       org.jetbrains.kotlin.ir.declarations.IrField::acceptChildren (25 bytes)
Event: 11.368 Thread 0x0000022bc91a3a20 nmethod 10174 0x0000022baf263410 code [0x0000022baf2636c0, 0x0000022baf264418]
Event: 11.368 Thread 0x0000022bc91a3a20 10173       3       org.jetbrains.kotlin.ir.visitors.IrElementVisitorVoid$DefaultImpls::visitField (14 bytes)
Event: 11.368 Thread 0x0000022bc91a3a20 nmethod 10173 0x0000022baf264890 code [0x0000022baf264aa0, 0x0000022baf265108]
Event: 11.369 Thread 0x0000022bcf784cf0 nmethod 10089 0x0000022bb5ab7590 code [0x0000022bb5ab77a0, 0x0000022bb5ab9098]
Event: 11.371 Thread 0x0000022bcf784cf0 10181       4       androidx.compose.compiler.plugins.kotlin.lower.ComposableSymbolRemapper$1::containsComposable (104 bytes)
Event: 11.376 Thread 0x0000022bc91a3a20 10182       3       org.jetbrains.kotlin.ir.declarations.IrClass::acceptChildren (149 bytes)
Event: 11.378 Thread 0x0000022bc91a3a20 nmethod 10182 0x0000022baf265390 code [0x0000022baf2657c0, 0x0000022baf267858]
Event: 11.378 Thread 0x0000022bc91a3a20 10183       3       org.jetbrains.kotlin.ir.declarations.IrTypeParameter::accept (15 bytes)
Event: 11.378 Thread 0x0000022bc91a3a20 nmethod 10183 0x0000022baf268190 code [0x0000022baf2683a0, 0x0000022baf268a48]

GC Heap History (20 events):
Event: 2.490 GC heap after
{Heap after GC invocations=6 (full 0):
 garbage-first heap   total 55296K, used 20751K [0x0000000701a00000, 0x0000000800000000)
  region size 2048K, 2 young (4096K), 2 survivors (4096K)
 Metaspace       used 30048K, committed 30208K, reserved 1114112K
  class space    used 3807K, committed 3840K, reserved 1048576K
}
Event: 2.923 GC heap before
{Heap before GC invocations=6 (full 0):
 garbage-first heap   total 55296K, used 37135K [0x0000000701a00000, 0x0000000800000000)
  region size 2048K, 11 young (22528K), 2 survivors (4096K)
 Metaspace       used 33807K, committed 33984K, reserved 1114112K
  class space    used 4132K, committed 4224K, reserved 1048576K
}
Event: 2.930 GC heap after
{Heap after GC invocations=7 (full 0):
 garbage-first heap   total 159744K, used 22718K [0x0000000701a00000, 0x0000000800000000)
  region size 2048K, 1 young (2048K), 1 survivors (2048K)
 Metaspace       used 33807K, committed 33984K, reserved 1114112K
  class space    used 4132K, committed 4224K, reserved 1048576K
}
Event: 3.117 GC heap before
{Heap before GC invocations=7 (full 0):
 garbage-first heap   total 159744K, used 32958K [0x0000000701a00000, 0x0000000800000000)
  region size 2048K, 7 young (14336K), 1 survivors (2048K)
 Metaspace       used 35775K, committed 35968K, reserved 1114112K
  class space    used 4334K, committed 4416K, reserved 1048576K
}
Event: 3.120 GC heap after
{Heap after GC invocations=8 (full 0):
 garbage-first heap   total 159744K, used 23510K [0x0000000701a00000, 0x0000000800000000)
  region size 2048K, 2 young (4096K), 2 survivors (4096K)
 Metaspace       used 35775K, committed 35968K, reserved 1114112K
  class space    used 4334K, committed 4416K, reserved 1048576K
}
Event: 4.165 GC heap before
{Heap before GC invocations=9 (full 0):
 garbage-first heap   total 96256K, used 76758K [0x0000000701a00000, 0x0000000800000000)
  region size 2048K, 28 young (57344K), 2 survivors (4096K)
 Metaspace       used 43044K, committed 43328K, reserved 1114112K
  class space    used 5190K, committed 5312K, reserved 1048576K
}
Event: 4.176 GC heap after
{Heap after GC invocations=10 (full 0):
 garbage-first heap   total 96256K, used 29376K [0x0000000701a00000, 0x0000000800000000)
  region size 2048K, 4 young (8192K), 4 survivors (8192K)
 Metaspace       used 43044K, committed 43328K, reserved 1114112K
  class space    used 5190K, committed 5312K, reserved 1048576K
}
Event: 4.207 GC heap before
{Heap before GC invocations=10 (full 0):
 garbage-first heap   total 96256K, used 29376K [0x0000000701a00000, 0x0000000800000000)
  region size 2048K, 5 young (10240K), 4 survivors (8192K)
 Metaspace       used 43467K, committed 43712K, reserved 1114112K
  class space    used 5230K, committed 5312K, reserved 1048576K
}
Event: 4.215 GC heap after
{Heap after GC invocations=11 (full 0):
 garbage-first heap   total 96256K, used 30182K [0x0000000701a00000, 0x0000000800000000)
  region size 2048K, 1 young (2048K), 1 survivors (2048K)
 Metaspace       used 43467K, committed 43712K, reserved 1114112K
  class space    used 5230K, committed 5312K, reserved 1048576K
}
Event: 4.714 GC heap before
{Heap before GC invocations=11 (full 0):
 garbage-first heap   total 96256K, used 67046K [0x0000000701a00000, 0x0000000800000000)
  region size 2048K, 19 young (38912K), 1 survivors (2048K)
 Metaspace       used 46032K, committed 46272K, reserved 1114112K
  class space    used 5504K, committed 5568K, reserved 1048576K
}
Event: 4.722 GC heap after
{Heap after GC invocations=12 (full 0):
 garbage-first heap   total 155648K, used 34093K [0x0000000701a00000, 0x0000000800000000)
  region size 2048K, 3 young (6144K), 3 survivors (6144K)
 Metaspace       used 46032K, committed 46272K, reserved 1114112K
  class space    used 5504K, committed 5568K, reserved 1048576K
}
Event: 6.526 GC heap before
{Heap before GC invocations=12 (full 0):
 garbage-first heap   total 155648K, used 105773K [0x0000000701a00000, 0x0000000800000000)
  region size 2048K, 38 young (77824K), 3 survivors (6144K)
 Metaspace       used 52497K, committed 52736K, reserved 1114112K
  class space    used 6227K, committed 6336K, reserved 1048576K
}
Event: 6.546 GC heap after
{Heap after GC invocations=13 (full 0):
 garbage-first heap   total 155648K, used 44278K [0x0000000701a00000, 0x0000000800000000)
  region size 2048K, 5 young (10240K), 5 survivors (10240K)
 Metaspace       used 52497K, committed 52736K, reserved 1114112K
  class space    used 6227K, committed 6336K, reserved 1048576K
}
Event: 8.026 GC heap before
{Heap before GC invocations=13 (full 0):
 garbage-first heap   total 155648K, used 107766K [0x0000000701a00000, 0x0000000800000000)
  region size 2048K, 36 young (73728K), 5 survivors (10240K)
 Metaspace       used 55715K, committed 55936K, reserved 1114112K
  class space    used 6497K, committed 6592K, reserved 1048576K
}
Event: 8.043 GC heap after
{Heap after GC invocations=14 (full 0):
 garbage-first heap   total 155648K, used 53573K [0x0000000701a00000, 0x0000000800000000)
  region size 2048K, 5 young (10240K), 5 survivors (10240K)
 Metaspace       used 55715K, committed 55936K, reserved 1114112K
  class space    used 6497K, committed 6592K, reserved 1048576K
}
Event: 9.297 GC heap before
{Heap before GC invocations=14 (full 0):
 garbage-first heap   total 155648K, used 102725K [0x0000000701a00000, 0x0000000800000000)
  region size 2048K, 30 young (61440K), 5 survivors (10240K)
 Metaspace       used 59891K, committed 60160K, reserved 1114112K
  class space    used 6894K, committed 7040K, reserved 1048576K
}
Event: 9.314 GC heap after
{Heap after GC invocations=15 (full 0):
 garbage-first heap   total 155648K, used 57886K [0x0000000701a00000, 0x0000000800000000)
  region size 2048K, 3 young (6144K), 3 survivors (6144K)
 Metaspace       used 59891K, committed 60160K, reserved 1114112K
  class space    used 6894K, committed 7040K, reserved 1048576K
}
Event: 11.233 GC heap before
{Heap before GC invocations=16 (full 0):
 garbage-first heap   total 155648K, used 115230K [0x0000000701a00000, 0x0000000800000000)
  region size 2048K, 31 young (63488K), 3 survivors (6144K)
 Metaspace       used 66749K, committed 67136K, reserved 1114112K
  class space    used 7614K, committed 7808K, reserved 1048576K
}
Event: 11.255 GC heap after
{Heap after GC invocations=17 (full 0):
 garbage-first heap   total 155648K, used 65266K [0x0000000701a00000, 0x0000000800000000)
  region size 2048K, 4 young (8192K), 4 survivors (8192K)
 Metaspace       used 66749K, committed 67136K, reserved 1114112K
  class space    used 7614K, committed 7808K, reserved 1048576K
}
Event: 11.385 GC heap before
{Heap before GC invocations=17 (full 0):
 garbage-first heap   total 155648K, used 67314K [0x0000000701a00000, 0x0000000800000000)
  region size 2048K, 5 young (10240K), 4 survivors (8192K)
 Metaspace       used 66900K, committed 67264K, reserved 1114112K
  class space    used 7634K, committed 7808K, reserved 1048576K
}

Dll operation events (2 events):
Event: 0.010 Loaded shared library C:\Program Files\Android\Android Studio1\jbr\bin\java.dll
Event: 1.266 Loaded shared library C:\Program Files\Android\Android Studio1\jbr\bin\verify.dll

Deoptimization events (20 events):
Event: 11.129 Thread 0x0000022baa696700 Uncommon trap: trap_request=0xffffffc6 fr.pc=0x0000022bb5a5f00c relative=0x00000000000004ac
Event: 11.129 Thread 0x0000022baa696700 Uncommon trap: reason=bimorphic_or_optimized_type_check action=maybe_recompile pc=0x0000022bb5a5f00c method=org.jetbrains.kotlin.ir.util.TransformKt.transformIfNeeded(Ljava/util/List;Lorg/jetbrains/kotlin/ir/visitors/IrElementTransformer;Ljava/lang/Object
Event: 11.129 Thread 0x0000022baa696700 DEOPT PACKING pc=0x0000022bb5a5f00c sp=0x0000009c6e3f7510
Event: 11.129 Thread 0x0000022baa696700 DEOPT UNPACKING pc=0x0000022bb50f69a3 sp=0x0000009c6e3f74b0 mode 2
Event: 11.301 Thread 0x0000022baa696700 Uncommon trap: trap_request=0xffffffde fr.pc=0x0000022bb585e5f0 relative=0x00000000000000d0
Event: 11.301 Thread 0x0000022baa696700 Uncommon trap: reason=class_check action=maybe_recompile pc=0x0000022bb585e5f0 method=org.jetbrains.kotlin.ir.symbols.impl.IrSymbolBase.getDescriptor()Lorg/jetbrains/kotlin/descriptors/DeclarationDescriptor; @ 19 c2
Event: 11.301 Thread 0x0000022baa696700 DEOPT PACKING pc=0x0000022bb585e5f0 sp=0x0000009c6e3fdaf0
Event: 11.301 Thread 0x0000022baa696700 DEOPT UNPACKING pc=0x0000022bb50f69a3 sp=0x0000009c6e3fda90 mode 2
Event: 11.301 Thread 0x0000022baa696700 Uncommon trap: trap_request=0xffffffde fr.pc=0x0000022bb585e5f0 relative=0x00000000000000d0
Event: 11.301 Thread 0x0000022baa696700 Uncommon trap: reason=class_check action=maybe_recompile pc=0x0000022bb585e5f0 method=org.jetbrains.kotlin.ir.symbols.impl.IrSymbolBase.getDescriptor()Lorg/jetbrains/kotlin/descriptors/DeclarationDescriptor; @ 19 c2
Event: 11.301 Thread 0x0000022baa696700 DEOPT PACKING pc=0x0000022bb585e5f0 sp=0x0000009c6e3fdaf0
Event: 11.301 Thread 0x0000022baa696700 DEOPT UNPACKING pc=0x0000022bb50f69a3 sp=0x0000009c6e3fda90 mode 2
Event: 11.302 Thread 0x0000022baa696700 Uncommon trap: trap_request=0xffffffde fr.pc=0x0000022bb585e5f0 relative=0x00000000000000d0
Event: 11.302 Thread 0x0000022baa696700 Uncommon trap: reason=class_check action=maybe_recompile pc=0x0000022bb585e5f0 method=org.jetbrains.kotlin.ir.symbols.impl.IrSymbolBase.getDescriptor()Lorg/jetbrains/kotlin/descriptors/DeclarationDescriptor; @ 19 c2
Event: 11.302 Thread 0x0000022baa696700 DEOPT PACKING pc=0x0000022bb585e5f0 sp=0x0000009c6e3fdaf0
Event: 11.302 Thread 0x0000022baa696700 DEOPT UNPACKING pc=0x0000022bb50f69a3 sp=0x0000009c6e3fda90 mode 2
Event: 11.309 Thread 0x0000022baa696700 Uncommon trap: trap_request=0xffffffde fr.pc=0x0000022bb585e5f0 relative=0x00000000000000d0
Event: 11.309 Thread 0x0000022baa696700 Uncommon trap: reason=class_check action=maybe_recompile pc=0x0000022bb585e5f0 method=org.jetbrains.kotlin.ir.symbols.impl.IrSymbolBase.getDescriptor()Lorg/jetbrains/kotlin/descriptors/DeclarationDescriptor; @ 19 c2
Event: 11.309 Thread 0x0000022baa696700 DEOPT PACKING pc=0x0000022bb585e5f0 sp=0x0000009c6e3fd760
Event: 11.309 Thread 0x0000022baa696700 DEOPT UNPACKING pc=0x0000022bb50f69a3 sp=0x0000009c6e3fd700 mode 2

Classes unloaded (0 events):
No events

Classes redefined (0 events):
No events

Internal exceptions (20 events):
Event: 6.017 Thread 0x0000022baa696700 Exception <a 'java/lang/NoSuchMethodError'{0x0000000707c75788}: 'java.lang.Object java.lang.invoke.DirectMethodHandle$Holder.invokeStatic(java.lang.Object, int, java.lang.Object)'> (0x0000000707c75788) 
thrown [s\src\hotspot\share\interpreter\linkResolver.cpp, line 771]
Event: 6.173 Thread 0x0000022baa696700 Exception <a 'java/lang/NoSuchMethodError'{0x00000007075e37f0}: 'int java.lang.invoke.DirectMethodHandle$Holder.invokeStaticInit(java.lang.Object, int)'> (0x00000007075e37f0) 
thrown [s\src\hotspot\share\interpreter\linkResolver.cpp, line 771]
Event: 6.197 Thread 0x0000022baa696700 Implicit null exception at 0x0000022bb58aa220 to 0x0000022bb58aa53c
Event: 6.574 Thread 0x0000022baa696700 Implicit null exception at 0x0000022bb5894195 to 0x0000022bb5895914
Event: 6.574 Thread 0x0000022baa696700 Implicit null exception at 0x0000022bb5888e20 to 0x0000022bb58895cc
Event: 6.869 Thread 0x0000022baa696700 Exception <a 'java/lang/NoSuchMethodError'{0x000000070a5fd248}: 'java.lang.Object java.lang.invoke.DirectMethodHandle$Holder.invokeInterface(java.lang.Object, java.lang.Object, java.lang.Object)'> (0x000000070a5fd248) 
thrown [s\src\hotspot\share\interpreter\linkResolver.cpp, line 771]
Event: 6.870 Thread 0x0000022baa696700 Exception <a 'java/lang/IncompatibleClassChangeError'{0x000000070a201bf8}: Found class java.lang.Object, but interface was expected> (0x000000070a201bf8) 
thrown [s\src\hotspot\share\interpreter\linkResolver.cpp, line 838]
Event: 7.305 Thread 0x0000022baa696700 Exception <a 'java/lang/NoSuchMethodError'{0x000000070955a320}: 'java.lang.Object java.lang.invoke.DirectMethodHandle$Holder.newInvokeSpecial(java.lang.Object, java.lang.Object, java.lang.Object, java.lang.Object, java.lang.Object, java.lang.Object, java.lang.Object)'> (0x000000070955a320) 
thrown [s\src\hotspot\share\interpreter\linkResolver.cpp, line 771]
Event: 7.305 Thread 0x0000022baa696700 Exception <a 'java/lang/NoSuchMethodError'{0x000000070955eed8}: 'java.lang.Object java.lang.invoke.Invokers$Holder.linkToTargetMethod(java.lang.Object, java.lang.Object, java.lang.Object, java.lang.Object, java.lang.Object, java.lang.Object, java.lang.Object)'> (0x000000070955eed8) 
thrown [s\src\hotspot\share\interpreter\linkResolver.cpp, line 771]
Event: 8.776 Thread 0x0000022baa696700 Implicit null exception at 0x0000022bb56e3490 to 0x0000022bb56e3874
Event: 9.200 Thread 0x0000022baa696700 Exception <a 'java/lang/NoSuchMethodError'{0x00000007084287c0}: 'java.lang.Object java.lang.invoke.DirectMethodHandle$Holder.invokeStaticInit(java.lang.Object, java.lang.Object, java.lang.Object, java.lang.Object)'> (0x00000007084287c0) 
thrown [s\src\hotspot\share\interpreter\linkResolver.cpp, line 771]
Event: 9.833 Thread 0x0000022baa696700 Exception <a 'java/lang/NoSuchMethodError'{0x000000070a0119f8}: 'java.lang.Object java.lang.invoke.DirectMethodHandle$Holder.newInvokeSpecial(java.lang.Object, java.lang.Object, java.lang.Object, int, int)'> (0x000000070a0119f8) 
thrown [s\src\hotspot\share\interpreter\linkResolver.cpp, line 771]
Event: 9.834 Thread 0x0000022baa696700 Exception <a 'java/lang/NoSuchMethodError'{0x000000070a015838}: 'java.lang.Object java.lang.invoke.DirectMethodHandle$Holder.invokeSpecial(java.lang.Object, java.lang.Object, java.lang.Object, java.lang.Object, int, int)'> (0x000000070a015838) 
thrown [s\src\hotspot\share\interpreter\linkResolver.cpp, line 771]
Event: 10.322 Thread 0x0000022baa696700 Exception <a 'java/lang/NoSuchMethodError'{0x0000000709477550}: 'java.lang.Object java.lang.invoke.DirectMethodHandle$Holder.newInvokeSpecial(java.lang.Object, int, java.lang.Object, java.lang.Object)'> (0x0000000709477550) 
thrown [s\src\hotspot\share\interpreter\linkResolver.cpp, line 771]
Event: 10.340 Thread 0x0000022baa696700 Implicit null exception at 0x0000022bb5a0598f to 0x0000022bb5a05de4
Event: 10.366 Thread 0x0000022baa696700 Exception <a 'java/lang/NoSuchMethodError'{0x0000000709542100}: 'java.lang.Object java.lang.invoke.DirectMethodHandle$Holder.invokeSpecial(java.lang.Object, java.lang.Object, int, int, java.lang.Object, java.lang.Object, java.lang.Object, java.lang.Object, java.lang.Object)'> (0x0000000709542100) 
thrown [s\src\hotspot\share\interpreter\linkResolver.cpp, line 771]
Event: 10.367 Thread 0x0000022baa696700 Exception <a 'java/lang/NoSuchMethodError'{0x000000070954b388}: 'java.lang.Object java.lang.invoke.DirectMethodHandle$Holder.invokeStatic(java.lang.Object, java.lang.Object, java.lang.Object, int, int, java.lang.Object, java.lang.Object, java.lang.Object, java.lang.Object)'> (0x000000070954b388) 
thrown [s\src\hotspot\share\interpreter\linkResolver.cpp, line 771]
Event: 10.368 Thread 0x0000022baa696700 Exception <a 'java/lang/NoSuchMethodError'{0x0000000709555650}: 'java.lang.Object java.lang.invoke.DirectMethodHandle$Holder.newInvokeSpecial(java.lang.Object, java.lang.Object, java.lang.Object, int, int, java.lang.Object)'> (0x0000000709555650) 
thrown [s\src\hotspot\share\interpreter\linkResolver.cpp, line 771]
Event: 10.371 Thread 0x0000022baa696700 Exception <a 'java/lang/NoSuchMethodError'{0x000000070955cff0}: 'java.lang.Object java.lang.invoke.Invokers$Holder.linkToTargetMethod(java.lang.Object, java.lang.Object, int, int, java.lang.Object, java.lang.Object)'> (0x000000070955cff0) 
thrown [s\src\hotspot\share\interpreter\linkResolver.cpp, line 771]
Event: 10.408 Thread 0x0000022baa696700 Implicit null exception at 0x0000022bb5708800 to 0x0000022bb5708a60

VM Operations (20 events):
Event: 10.715 Executing VM operation: ICBufferFull done
Event: 10.761 Executing VM operation: HandshakeAllThreads
Event: 10.761 Executing VM operation: HandshakeAllThreads done
Event: 10.873 Executing VM operation: HandshakeAllThreads
Event: 10.873 Executing VM operation: HandshakeAllThreads done
Event: 10.993 Executing VM operation: HandshakeAllThreads
Event: 10.993 Executing VM operation: HandshakeAllThreads done
Event: 11.002 Executing VM operation: ICBufferFull
Event: 11.002 Executing VM operation: ICBufferFull done
Event: 11.145 Executing VM operation: HandshakeAllThreads
Event: 11.145 Executing VM operation: HandshakeAllThreads done
Event: 11.175 Executing VM operation: ICBufferFull
Event: 11.176 Executing VM operation: ICBufferFull done
Event: 11.233 Executing VM operation: G1CollectForAllocation
Event: 11.256 Executing VM operation: G1CollectForAllocation done
Event: 11.320 Executing VM operation: HandshakeAllThreads
Event: 11.320 Executing VM operation: HandshakeAllThreads done
Event: 11.321 Executing VM operation: HandshakeAllThreads
Event: 11.321 Executing VM operation: HandshakeAllThreads done
Event: 11.385 Executing VM operation: G1CollectForAllocation

Events (20 events):
Event: 10.630 loading class java/lang/invoke/MethodHandles$1
Event: 10.630 loading class java/lang/invoke/MethodHandles$1 done
Event: 10.630 loading class java/lang/invoke/BoundMethodHandle$Species_LJ
Event: 10.630 loading class java/lang/invoke/BoundMethodHandle$Species_LJ done
Event: 10.631 loading class java/lang/invoke/BoundMethodHandle$Species_LLLL
Event: 10.631 loading class java/lang/invoke/BoundMethodHandle$Species_LLLL done
Event: 10.712 Thread 0x0000022bc91ac340 flushing nmethod 0x0000022badb7c690
Event: 10.720 Thread 0x0000022bc91ac340 flushing nmethod 0x0000022bae35d010
Event: 10.729 Thread 0x0000022bc91ac340 flushing nmethod 0x0000022baea28690
Event: 10.729 Thread 0x0000022bc91ac340 flushing nmethod 0x0000022baea80e90
Event: 10.729 Thread 0x0000022bc91ac340 flushing nmethod 0x0000022baea8c190
Event: 10.735 Thread 0x0000022bc91ac340 flushing nmethod 0x0000022baeee0310
Event: 10.735 Thread 0x0000022bc91ac340 flushing nmethod 0x0000022baeeefc10
Event: 10.778 Thread 0x0000022bcf784cf0 Thread added: 0x0000022bcf784cf0
Event: 11.258 loading class java/lang/invoke/BoundMethodHandle$Species_LLLLL
Event: 11.258 loading class java/lang/invoke/BoundMethodHandle$Species_LLLLL done
Event: 11.259 loading class java/lang/invoke/BoundMethodHandle$Species_LLLLLL
Event: 11.260 loading class java/lang/invoke/BoundMethodHandle$Species_LLLLLL done
Event: 11.261 loading class java/lang/invoke/BoundMethodHandle$Species_LLLLLLL
Event: 11.261 loading class java/lang/invoke/BoundMethodHandle$Species_LLLLLLL done


Dynamic libraries:
0x00007ff7a5e60000 - 0x00007ff7a5e6a000 	C:\Program Files\Android\Android Studio1\jbr\bin\java.exe
0x00007fff2cda0000 - 0x00007fff2d008000 	C:\WINDOWS\SYSTEM32\ntdll.dll
0x00007fff2b7c0000 - 0x00007fff2b889000 	C:\WINDOWS\System32\KERNEL32.DLL
0x00007fff2a6b0000 - 0x00007fff2aaa1000 	C:\WINDOWS\System32\KERNELBASE.dll
0x00007fff29740000 - 0x00007fff2988b000 	C:\WINDOWS\System32\ucrtbase.dll
0x00007ffef9810000 - 0x00007ffef9827000 	C:\Program Files\Android\Android Studio1\jbr\bin\jli.dll
0x00007fff0f230000 - 0x00007fff0f24b000 	C:\Program Files\Android\Android Studio1\jbr\bin\VCRUNTIME140.dll
0x00007fff2cb90000 - 0x00007fff2cd56000 	C:\WINDOWS\System32\USER32.dll
0x00007fff18e40000 - 0x00007fff190d3000 	C:\WINDOWS\WinSxS\amd64_microsoft.windows.common-controls_6595b64144ccf1df_6.0.26100.7824_none_3e0870b2e3345462\COMCTL32.dll
0x00007fff29890000 - 0x00007fff298b7000 	C:\WINDOWS\System32\win32u.dll
0x00007fff2c970000 - 0x00007fff2ca19000 	C:\WINDOWS\System32\msvcrt.dll
0x00007fff2cb60000 - 0x00007fff2cb8b000 	C:\WINDOWS\System32\GDI32.dll
0x00007fff2a580000 - 0x00007fff2a6ab000 	C:\WINDOWS\System32\gdi32full.dll
0x00007fff2a2a0000 - 0x00007fff2a343000 	C:\WINDOWS\System32\msvcp_win.dll
0x00007fff2acc0000 - 0x00007fff2acf1000 	C:\WINDOWS\System32\IMM32.DLL
0x00007fff1eaf0000 - 0x00007fff1eafc000 	C:\Program Files\Android\Android Studio1\jbr\bin\vcruntime140_1.dll
0x00007ffef3090000 - 0x00007ffef311d000 	C:\Program Files\Android\Android Studio1\jbr\bin\msvcp140.dll
0x00007ffe87a80000 - 0x00007ffe88703000 	C:\Program Files\Android\Android Studio1\jbr\bin\server\jvm.dll
0x00007fff2c8b0000 - 0x00007fff2c964000 	C:\WINDOWS\System32\ADVAPI32.dll
0x00007fff2c0a0000 - 0x00007fff2c146000 	C:\WINDOWS\System32\sechost.dll
0x00007fff2ca20000 - 0x00007fff2cb38000 	C:\WINDOWS\System32\RPCRT4.dll
0x00007fff29500000 - 0x00007fff2955e000 	C:\WINDOWS\SYSTEM32\POWRPROF.dll
0x00007fff1b770000 - 0x00007fff1b7a5000 	C:\WINDOWS\SYSTEM32\WINMM.dll
0x00007ffef9a50000 - 0x00007ffef9a5a000 	C:\WINDOWS\SYSTEM32\WSOCK32.dll
0x00007fff24cc0000 - 0x00007fff24ccb000 	C:\WINDOWS\SYSTEM32\VERSION.dll
0x00007fff2bf50000 - 0x00007fff2bfc4000 	C:\WINDOWS\System32\WS2_32.dll
0x00007fff294e0000 - 0x00007fff294f4000 	C:\WINDOWS\SYSTEM32\UMPDC.dll
0x00007fff283e0000 - 0x00007fff283fb000 	C:\WINDOWS\SYSTEM32\kernel.appcore.dll
0x00007fff1c1b0000 - 0x00007fff1c1ba000 	C:\Program Files\Android\Android Studio1\jbr\bin\jimage.dll
0x00007ffef6690000 - 0x00007ffef68d2000 	C:\WINDOWS\SYSTEM32\DBGHELP.DLL
0x00007fff2bbc0000 - 0x00007fff2bf46000 	C:\WINDOWS\System32\combase.dll
0x00007fff2ad00000 - 0x00007fff2add7000 	C:\WINDOWS\System32\OLEAUT32.dll
0x00007fff1cc20000 - 0x00007fff1cc5b000 	C:\WINDOWS\SYSTEM32\dbgcore.DLL
0x00007fff2a350000 - 0x00007fff2a3f5000 	C:\WINDOWS\System32\bcryptPrimitives.dll
0x00007fff05b40000 - 0x00007fff05b65000 	C:\Program Files\Android\Android Studio1\jbr\bin\java.dll
0x00007fff05ad0000 - 0x00007fff05ae8000 	C:\Program Files\Android\Android Studio1\jbr\bin\zip.dll
0x00007fff2c150000 - 0x00007fff2c8a2000 	C:\WINDOWS\System32\SHELL32.dll
0x00007fff2a130000 - 0x00007fff2a29a000 	C:\WINDOWS\System32\wintypes.dll
0x00007fff298c0000 - 0x00007fff2a123000 	C:\WINDOWS\System32\windows.storage.dll
0x00007fff2b890000 - 0x00007fff2b986000 	C:\WINDOWS\System32\SHCORE.dll
0x00007fff2b990000 - 0x00007fff2b9f7000 	C:\WINDOWS\System32\shlwapi.dll
0x00007fff295a0000 - 0x00007fff295c9000 	C:\WINDOWS\SYSTEM32\profapi.dll
0x00007ffef9b40000 - 0x00007ffef9b59000 	C:\Program Files\Android\Android Studio1\jbr\bin\net.dll
0x00007fff24640000 - 0x00007fff24767000 	C:\WINDOWS\SYSTEM32\WINHTTP.dll
0x00007fff28930000 - 0x00007fff2899b000 	C:\WINDOWS\system32\mswsock.dll
0x00007ffef9b20000 - 0x00007ffef9b36000 	C:\Program Files\Android\Android Studio1\jbr\bin\nio.dll
0x00007fff05ac0000 - 0x00007fff05ad0000 	C:\Program Files\Android\Android Studio1\jbr\bin\verify.dll

dbghelp: loaded successfully - version: 4.0.5 - missing functions: none
symbol engine: initialized successfully - sym options: 0x614 - pdb path: .;C:\Program Files\Android\Android Studio1\jbr\bin;C:\WINDOWS\SYSTEM32;C:\WINDOWS\WinSxS\amd64_microsoft.windows.common-controls_6595b64144ccf1df_6.0.26100.7824_none_3e0870b2e3345462;C:\Program Files\Android\Android Studio1\jbr\bin\server

VM Arguments:
java_command: org.jetbrains.kotlin.cli.jvm.K2JVMCompiler @C:\Users\user\Documents\test\MultiBabyDiaryApp\androidApp\build\20260225_7024909235670990471.compiler.options
java_class_path (initial): C:\Users\user\.gradle\caches\modules-2\files-2.1\org.jetbrains.kotlin\kotlin-compiler-embeddable\1.9.20\b44d2f7d8c1c67c0ed66d40e57e52623ca753db7\kotlin-compiler-embeddable-1.9.20.jar;C:\Users\user\.gradle\caches\modules-2\files-2.1\org.jetbrains.kotlin\kotlin-stdlib\1.9.20\e58b4816ac517e9cc5df1db051120c63d4cde669\kotlin-stdlib-1.9.20.jar;C:\Users\user\.gradle\caches\modules-2\files-2.1\org.jetbrains.kotlin\kotlin-script-runtime\1.9.20\6fdfef711b8e07f1a4d0979a60acd7bc8a800777\kotlin-script-runtime-1.9.20.jar;C:\Users\user\.gradle\caches\modules-2\files-2.1\org.jetbrains.kotlin\kotlin-reflect\1.6.10\1cbe9c92c12a94eea200d23c2bbaedaf3daf5132\kotlin-reflect-1.6.10.jar;C:\Users\user\.gradle\caches\modules-2\files-2.1\org.jetbrains.kotlin\kotlin-daemon-embeddable\1.9.20\a2a6b491bc53049e2f1af33245481db49034ba52\kotlin-daemon-embeddable-1.9.20.jar;C:\Users\user\.gradle\caches\modules-2\files-2.1\org.jetbrains.intellij.deps\trove4j\1.0.20200330\3afb14d5f9ceb459d724e907a21145e8ff394f02\trove4j-1.0.20200330.jar;C:\Users\user\.gradle\caches\modules-2\files-2.1\org.jetbrains\annotations\13.0\919f0dfe192fb4e063e7dacadee7f8bb9a2672a9\annotations-13.0.jar
Launcher Type: SUN_STANDARD

[Global flags]
     intx CICompilerCount                          = 4                                         {product} {ergonomic}
     uint ConcGCThreads                            = 2                                         {product} {ergonomic}
     uint G1ConcRefinementThreads                  = 8                                         {product} {ergonomic}
   size_t G1HeapRegionSize                         = 2097152                                   {product} {ergonomic}
    uintx GCDrainStackTargetSize                   = 64                                        {product} {ergonomic}
   size_t InitialHeapSize                          = 268435456                                 {product} {ergonomic}
   size_t MarkStackSize                            = 4194304                                   {product} {ergonomic}
   size_t MaxHeapSize                              = 4267704320                                {product} {ergonomic}
   size_t MaxNewSize                               = 2560622592                                {product} {ergonomic}
   size_t MinHeapDeltaBytes                        = 2097152                                   {product} {ergonomic}
   size_t MinHeapSize                              = 8388608                                   {product} {ergonomic}
    uintx NonNMethodCodeHeapSize                   = 5839372                                {pd product} {ergonomic}
    uintx NonProfiledCodeHeapSize                  = 122909434                              {pd product} {ergonomic}
    uintx ProfiledCodeHeapSize                     = 122909434                              {pd product} {ergonomic}
    uintx ReservedCodeCacheSize                    = 251658240                              {pd product} {ergonomic}
     bool SegmentedCodeCache                       = true                                      {product} {ergonomic}
   size_t SoftMaxHeapSize                          = 4267704320                             {manageable} {ergonomic}
     bool UseCompressedClassPointers               = true                           {product lp64_product} {ergonomic}
     bool UseCompressedOops                        = true                           {product lp64_product} {ergonomic}
     bool UseG1GC                                  = true                                      {product} {ergonomic}
     bool UseLargePagesIndividualAllocation        = false                                  {pd product} {ergonomic}

Logging:
Log output configuration:
 #0: stdout all=warning uptime,level,tags
 #1: stderr all=off uptime,level,tags

Environment Variables:
JAVA_HOME=C:\Program Files\Java\jdk-24
PATH=C:\Program Files\Java\jdk-24\bin;C:\WINDOWS\system32;C:\WINDOWS;C:\WINDOWS\System32\Wbem;C:\WINDOWS\System32\WindowsPowerShell\v1.0\;C:\WINDOWS\System32\OpenSSH\;C:\Program Files\Git\cmd;C:\Program Files\dotnet\;C:\Program Files (x86)\Intel\Intel(R) Management Engine Components\DAL;C:\Program Files\Intel\Intel(R) Management Engine Components\DAL;C:\Users\user\platform-tools;C:\ProgramData\chocolatey\bin;C:\Program Files\nodejs\;C:\Users\user\AppData\Local\Microsoft\WindowsApps;C:\Users\user\AppData\Local\Programs\Microsoft VS Code\bin;C:\src\flutter\bin;C:\Users\user\AppData\Roaming\npm;C:\Users\user\AppData\Local\Pub\Cache\bin;
USERNAME=user
OS=Windows_NT
PROCESSOR_IDENTIFIER=Intel64 Family 6 Model 94 Stepping 3, GenuineIntel
TMP=C:\Users\user\AppData\Local\Temp
TEMP=C:\Users\user\AppData\Local\Temp



Periodic native trim disabled

JNI global refs:
JNI global refs: 11, weak refs: 0

JNI global refs memory usage: 843, weak refs: 841

OOME stack traces (most recent first):
Classloader memory used:
Loader jdk.internal.loader.ClassLoaders$AppClassLoader                                 : 6803K
Loader bootstrap                                                                       : 1365K
Loader java.net.URLClassLoader                                                         : 180K
Loader jdk.internal.reflect.DelegatingClassLoader                                      : 13047B


---------------  S Y S T E M  ---------------

OS:
 Windows 11 , 64 bit Build 26100 (10.0.26100.7705)
OS uptime: 11 days 16:50 hours
Hyper-V role detected

CPU: total 8 (initial active 8) (4 cores per cpu, 2 threads per core) family 6 model 94 stepping 3 microcode 0xf0, cx8, cmov, fxsr, ht, mmx, 3dnowpref, sse, sse2, sse3, ssse3, sse4.1, sse4.2, popcnt, lzcnt, tsc, tscinvbit, avx, avx2, aes, erms, clmul, bmi1, bmi2, rtm, adx, fma, vzeroupper, clflush, clflushopt, hv
Processor Information for all 8 processors :
  Max Mhz: 3408, Current Mhz: 3408, Mhz Limit: 3408

Memory: 4k page, system-wide physical 16275M (1209M free)
TotalPageFile size 24467M (AvailPageFile size 6M)
current process WorkingSet (physical memory assigned to process): 337M, peak: 348M
current process commit charge ("private bytes"): 373M, peak: 406M

vm_info: OpenJDK 64-Bit Server VM (17.0.9+0--11185874) for windows-amd64 JRE (17.0.9+0--11185874), built on Dec  6 2023 18:57:44 by "androidbuild" with MS VC++ 16.10 / 16.11 (VS2019)

END.
